


ARM Macro Assembler    Page 1 


    1 00000000         ; StringConversion.s
    2 00000000         ; Student names: Samuel Kuang & Zihao Hong
    3 00000000         ; Last modification date: 10/25/2022
    4 00000000         ; Runs on TM4C123
    5 00000000         ; EE319K lab 7 number to string conversions
    6 00000000         ;
    7 00000000         ; Used in ECE319K Labs 7,8,9,10. You write these two fun
                       ctions
    8 00000000         
    9 00000000                 EXPORT           Dec2String
   10 00000000                 EXPORT           Fix2String
   11 00000000         
   12 00000000 00000000 
                       num     EQU              0
   13 00000000 00000004 
                       length  EQU              4
   14 00000000         
   15 00000000                 AREA             |.text|, CODE, READONLY, ALIGN=
2
   16 00000000                 THUMB
   17 00000000                 PRESERVE8
   18 00000000         
   19 00000000         
   20 00000000         ;-----------------------Dec2String----------------------
                       -
   21 00000000         ; Convert a 32-bit number into unsigned decimal format
   22 00000000         ; String the string into the empty array add null-termin
                       ation
   23 00000000         ; Input: R0 (call by value) 32-bit unsigned number
   24 00000000         ;        R1 pointer to empty array
   25 00000000         ; Output: none
   26 00000000         ; Invariables: This function must not permanently modify
                        registers R4 to R11
   27 00000000         Dec2String
   28 00000000 B510            PUSH             {LR, R4}
   29 00000002         ;Allocation Phase
   30 00000002 B082            SUB              SP, #8      ; Allocate num
   31 00000004         
   32 00000004         ;Access Phase
   33 00000004 280A            CMP              R0, #10
   34 00000006 D30E            BLO              baseOutDec
   35 00000008 F04F 030A       MOV              R3, #0xA
   36 0000000C FBB0 F2F3       UDIV             R2, R0, R3
   37 00000010 FB02 0413       MLS              R4, R2, R3, R0
   38 00000014 4610            MOV              R0, R2
   39 00000016 9400            STR              R4, [SP, #num]
   40 00000018 F7FF FFFE       BL               Dec2String
   41 0000001C 9800            LDR              R0, [SP, #num]
   42 0000001E F100 0030       ADD              R0, #0x30
   43 00000022 6008            STR              R0,[R1]
   44 00000024 E002            B                returnOutDec
   45 00000026         baseOutDec
   46 00000026 F100 0030       ADD              R0, #0x30
   47 0000002A 6008            STR              R0,[R1]
   48 0000002C         returnOutDec
   49 0000002C F101 0101       ADD              R1,#1
   50 00000030         ;Deallocation Phase
   51 00000030 B002            ADD              SP,#8
   52 00000032 E8BD 4010       POP              {LR, R4}



ARM Macro Assembler    Page 2 


   53 00000036 4770            BX               LR
   54 00000038         
   55 00000038         ;* * * * * * * * End of Dec2String * * * * * * * *
   56 00000038         
   57 00000038         
   58 00000038         ; -----------------------Fix2String---------------------
                       -
   59 00000038         ; Create characters for LCD display in fixed-point forma
                       t
   60 00000038         ; unsigned decimal, resolution 0.001, range 0.000 to 9.9
                       99
   61 00000038         ; Inputs:  R0 is an unsigned 32-bit number
   62 00000038         ;          R1 pointer to empty array
   63 00000038         ; Outputs: none
   64 00000038         ; E.g., R0=0,    then create "0.000 "
   65 00000038         ;       R0=3,    then create "0.003"
   66 00000038         ;       R0=89,   then create "0.089"
   67 00000038         ;       R0=123,  then create "0.123"
   68 00000038         ;       R0=9999, then create "9.999"
   69 00000038         ;       R0>9999, then create "*.***"
   70 00000038         ; Invariables: This function must not permanently modify
                        registers R4 to R11
   71 00000038         Fix2String
   72 00000038 F04F 0201       MOV              R2, #1
   73 0000003C         LOOP
   74 0000003C B530            PUSH             {LR, R4, R5}
   75 0000003E         
   76 0000003E         ; **Allocation Phase**
   77 0000003E B082            SUB              SP, #8      ; Allocate num
   78 00000040         
   79 00000040         ; **Access Phase**
   80 00000040 F242 7410       MOV              R4, #10000
   81 00000044 42A0            CMP              R0, R4
   82 00000046 D21B            BHS              stars
   83 00000048 2A05            CMP              R2, #5
   84 0000004A D02E            BEQ              returnOutFixS
   85 0000004C F04F 030A       MOV              R3, #0xa
   86 00000050 FBB0 F5F3       UDIV             R5, R0, R3
   87 00000054 FB05 0413       MLS              R4, R5, R3, R0
   88 00000058 4628            MOV              R0, R5
   89 0000005A 9400            STR              R4, [SP, #num]
   90 0000005C 9201            STR              R2, [SP, #length]
   91 0000005E F102 0201       ADD              R2, #1
   92 00000062 F7FF FFEB       BL               LOOP
   93 00000066 9800            LDR              R0, [SP, #num]
   94 00000068 F100 0030       ADD              R0, #0x30
   95 0000006C 6008            STR              R0,[R1]
   96 0000006E 9A01            LDR              R2, [SP, #length]
   97 00000070 2A04            CMP              R2, #4
   98 00000072 D118            BNE              returnOutFix
   99 00000074 F101 0101       ADD              R1,#1
  100 00000078 F04F 002E       MOV              R0, #0x2E
  101 0000007C 6008            STR              R0,[R1]
  102 0000007E E012            B                returnOutFix
  103 00000080         stars
  104 00000080 F04F 002A 
                       c       MOV              R0, #0x2A
  105 00000084 6008            STR              R0,[R1]
  106 00000086 F04F 002E       MOV              R0, #0x2E



ARM Macro Assembler    Page 3 


  107 0000008A F8C1 0001       STR              R0,[R1,#1]
  108 0000008E F04F 002A       MOV              R0, #0x2A
  109 00000092 F8C1 0002       STR              R0,[R1,#2]
  110 00000096 F04F 002A       MOV              R0, #0x2A
  111 0000009A F8C1 0003       STR              R0,[R1,#3]
  112 0000009E F04F 002A       MOV              R0, #0x2A
  113 000000A2 6048            STR              R0,[R1,#4]
  114 000000A4 E007            B                DONES
  115 000000A6         returnOutFix
  116 000000A6 F101 0101       ADD              R1,#1
  117 000000AA         returnOutFixS
  118 000000AA 9A01            LDR              R2,[SP,#length]
  119 000000AC 2A01            CMP              R2,#1
  120 000000AE D102            BNE              DONE
  121 000000B0 F04F 0020       MOV              R0,#0x20
  122 000000B4 6008            STR              R0,[R1]
  123 000000B6         DONE
  124 000000B6         DONES
  125 000000B6         ;Deallocation Phase
  126 000000B6 B002            ADD              SP, #8
  127 000000B8         
  128 000000B8 E8BD 4030       POP              {LR, R4, R5}
  129 000000BC 4770            BX               LR
  130 000000BE         
  131 000000BE         
  132 000000BE         
  133 000000BE         
  134 000000BE         
  135 000000BE         
  136 000000BE 00 00           ALIGN                        ; make sure the end
                                                             of this section is
                                                             aligned
  137 000000C0                 END                          ; end of file
Command Line: --debug --xref --diag_suppress=9931 --cpu=Cortex-M4 --apcs=interw
ork --depend=.\stringconversion.d -o.\stringconversion.o -I.\RTE\_Lab9 -IC:\Use
rs\hzh85\AppData\Local\Arm\Packs\ARM\CMSIS\5.9.0\CMSIS\Core\Include -IC:\Users\
hzh85\AppData\Local\Arm\Packs\Keil\TM4C_DFP\1.1.0\Device\Include\TM4C123 --pred
efine="__EVAL SETA 1" --predefine="__UVISION_VERSION SETA 534" --predefine="_RT
E_ SETA 1" --predefine="TM4C123GH6PM SETA 1" --predefine="_RTE_ SETA 1" --list=
.\stringconversion.lst ..\inc\StringConversion.s



ARM Macro Assembler    Page 1 Alphabetic symbol ordering
Relocatable symbols

.text 00000000

Symbol: .text
   Definitions
      At line 15 in file ..\inc\StringConversion.s
   Uses
      None
Comment: .text unused
DONE 000000B6

Symbol: DONE
   Definitions
      At line 123 in file ..\inc\StringConversion.s
   Uses
      At line 120 in file ..\inc\StringConversion.s
Comment: DONE used once
DONES 000000B6

Symbol: DONES
   Definitions
      At line 124 in file ..\inc\StringConversion.s
   Uses
      At line 114 in file ..\inc\StringConversion.s
Comment: DONES used once
Dec2String 00000000

Symbol: Dec2String
   Definitions
      At line 27 in file ..\inc\StringConversion.s
   Uses
      At line 9 in file ..\inc\StringConversion.s
      At line 40 in file ..\inc\StringConversion.s

Fix2String 00000038

Symbol: Fix2String
   Definitions
      At line 71 in file ..\inc\StringConversion.s
   Uses
      At line 10 in file ..\inc\StringConversion.s
Comment: Fix2String used once
LOOP 0000003C

Symbol: LOOP
   Definitions
      At line 73 in file ..\inc\StringConversion.s
   Uses
      At line 92 in file ..\inc\StringConversion.s
Comment: LOOP used once
baseOutDec 00000026

Symbol: baseOutDec
   Definitions
      At line 45 in file ..\inc\StringConversion.s
   Uses
      At line 34 in file ..\inc\StringConversion.s
Comment: baseOutDec used once
c 00000080




ARM Macro Assembler    Page 2 Alphabetic symbol ordering
Relocatable symbols

Symbol: c
   Definitions
      At line 104 in file ..\inc\StringConversion.s
   Uses
      None
Comment: c unused
returnOutDec 0000002C

Symbol: returnOutDec
   Definitions
      At line 48 in file ..\inc\StringConversion.s
   Uses
      At line 44 in file ..\inc\StringConversion.s
Comment: returnOutDec used once
returnOutFix 000000A6

Symbol: returnOutFix
   Definitions
      At line 115 in file ..\inc\StringConversion.s
   Uses
      At line 98 in file ..\inc\StringConversion.s
      At line 102 in file ..\inc\StringConversion.s

returnOutFixS 000000AA

Symbol: returnOutFixS
   Definitions
      At line 117 in file ..\inc\StringConversion.s
   Uses
      At line 84 in file ..\inc\StringConversion.s
Comment: returnOutFixS used once
stars 00000080

Symbol: stars
   Definitions
      At line 103 in file ..\inc\StringConversion.s
   Uses
      At line 82 in file ..\inc\StringConversion.s
Comment: stars used once
12 symbols



ARM Macro Assembler    Page 1 Alphabetic symbol ordering
Absolute symbols

length 00000004

Symbol: length
   Definitions
      At line 13 in file ..\inc\StringConversion.s
   Uses
      At line 90 in file ..\inc\StringConversion.s
      At line 96 in file ..\inc\StringConversion.s
      At line 118 in file ..\inc\StringConversion.s

num 00000000

Symbol: num
   Definitions
      At line 12 in file ..\inc\StringConversion.s
   Uses
      At line 39 in file ..\inc\StringConversion.s
      At line 41 in file ..\inc\StringConversion.s
      At line 89 in file ..\inc\StringConversion.s
      At line 93 in file ..\inc\StringConversion.s

2 symbols
348 symbols in table
